ERROR 2021-09-25T22:53:53,806 [reactor-tcp-nio-2][[]] reactivefeign.client.log.DefaultReactiveLogger - [RcProxy#getAllReactive(String,String,String)]--->GET http://10.0.10.106:8081/api/v2/req?prenom=Val%C3%A9rie&nom=Robert HTTP/1.1
reactivefeign.client.ReadTimeoutException: org.springframework.web.reactive.function.client.WebClientRequestException: nested exception is io.netty.handler.timeout.ReadTimeoutException
	at reactivefeign.webclient.WebReactiveFeign$Builder.lambda$errorMapper$0(WebReactiveFeign.java:76) ~[feign-reactor-webclient-3.1.1.jar:?]
	at reactivefeign.webclient.client.WebReactiveHttpClient.lambda$executeRequest$3(WebReactiveHttpClient.java:108) ~[feign-reactor-webclient-core-3.1.1.jar:?]
	at reactor.core.publisher.Mono.lambda$onErrorMap$31(Mono.java:3694) [reactor-core-3.4.10.jar:3.4.10]
	at reactor.core.publisher.FluxOnErrorResume$ResumeSubscriber.onError(FluxOnErrorResume.java:94) [reactor-core-3.4.10.jar:3.4.10]
	at reactor.core.publisher.Operators$MultiSubscriptionSubscriber.onError(Operators.java:2063) [reactor-core-3.4.10.jar:3.4.10]
	at reactor.core.publisher.FluxOnAssembly$OnAssemblySubscriber.onError(FluxOnAssembly.java:393) [reactor-core-3.4.10.jar:3.4.10]
	at reactor.core.publisher.FluxContextWrite$ContextWriteSubscriber.onError(FluxContextWrite.java:121) [reactor-core-3.4.10.jar:3.4.10]
	at reactor.core.publisher.FluxDoFinally$DoFinallySubscriber.onError(FluxDoFinally.java:136) [reactor-core-3.4.10.jar:3.4.10]
	at reactor.core.publisher.FluxDoOnEach$DoOnEachSubscriber.onError(FluxDoOnEach.java:195) [reactor-core-3.4.10.jar:3.4.10]
	at reactor.core.publisher.FluxMap$MapConditionalSubscriber.onError(FluxMap.java:259) [reactor-core-3.4.10.jar:3.4.10]
	at reactor.core.publisher.FluxOnErrorResume$ResumeSubscriber.onError(FluxOnErrorResume.java:106) [reactor-core-3.4.10.jar:3.4.10]
	at reactor.core.publisher.Operators.error(Operators.java:198) [reactor-core-3.4.10.jar:3.4.10]
	at reactor.core.publisher.MonoErrorSupplied.subscribe(MonoErrorSupplied.java:56) [reactor-core-3.4.10.jar:3.4.10]
	at reactor.core.publisher.Mono.subscribe(Mono.java:4361) [reactor-core-3.4.10.jar:3.4.10]
	at reactor.core.publisher.FluxOnErrorResume$ResumeSubscriber.onError(FluxOnErrorResume.java:103) [reactor-core-3.4.10.jar:3.4.10]
	at reactor.core.publisher.FluxPeek$PeekSubscriber.onError(FluxPeek.java:222) [reactor-core-3.4.10.jar:3.4.10]
	at reactor.core.publisher.FluxPeek$PeekSubscriber.onError(FluxPeek.java:222) [reactor-core-3.4.10.jar:3.4.10]
	at reactor.core.publisher.FluxPeek$PeekSubscriber.onError(FluxPeek.java:222) [reactor-core-3.4.10.jar:3.4.10]
	at reactor.core.publisher.MonoNext$NextSubscriber.onError(MonoNext.java:93) [reactor-core-3.4.10.jar:3.4.10]
	at reactor.core.publisher.MonoFlatMapMany$FlatMapManyMain.onError(MonoFlatMapMany.java:204) [reactor-core-3.4.10.jar:3.4.10]
	at reactor.core.publisher.SerializedSubscriber.onError(SerializedSubscriber.java:124) [reactor-core-3.4.10.jar:3.4.10]
	at reactor.core.publisher.FluxRetryWhen$RetryWhenMainSubscriber.whenError(FluxRetryWhen.java:225) [reactor-core-3.4.10.jar:3.4.10]
	at reactor.core.publisher.FluxRetryWhen$RetryWhenOtherSubscriber.onError(FluxRetryWhen.java:274) [reactor-core-3.4.10.jar:3.4.10]
	at reactor.core.publisher.FluxConcatMap$ConcatMapImmediate.drain(FluxConcatMap.java:414) [reactor-core-3.4.10.jar:3.4.10]
	at reactor.core.publisher.FluxConcatMap$ConcatMapImmediate.onNext(FluxConcatMap.java:251) [reactor-core-3.4.10.jar:3.4.10]
	at reactor.core.publisher.EmitterProcessor.drain(EmitterProcessor.java:491) [reactor-core-3.4.10.jar:3.4.10]
	at reactor.core.publisher.EmitterProcessor.tryEmitNext(EmitterProcessor.java:299) [reactor-core-3.4.10.jar:3.4.10]
	at reactor.core.publisher.SinkManySerialized.tryEmitNext(SinkManySerialized.java:100) [reactor-core-3.4.10.jar:3.4.10]
	at reactor.core.publisher.InternalManySink.emitNext(InternalManySink.java:27) [reactor-core-3.4.10.jar:3.4.10]
	at reactor.core.publisher.FluxRetryWhen$RetryWhenMainSubscriber.onError(FluxRetryWhen.java:190) [reactor-core-3.4.10.jar:3.4.10]
	at reactor.core.publisher.MonoCreate$DefaultMonoSink.error(MonoCreate.java:189) [reactor-core-3.4.10.jar:3.4.10]
	at reactor.netty.http.client.HttpClientConnect$HttpObserver.onUncaughtException(HttpClientConnect.java:384) [reactor-netty-http-1.0.11.jar:1.0.11]
	at reactor.netty.ReactorNetty$CompositeConnectionObserver.onUncaughtException(ReactorNetty.java:647) [reactor-netty-core-1.0.11.jar:1.0.11]
	at reactor.netty.resources.DefaultPooledConnectionProvider$DisposableAcquire.onUncaughtException(DefaultPooledConnectionProvider.java:219) [reactor-netty-core-1.0.11.jar:1.0.11]
	at reactor.netty.resources.DefaultPooledConnectionProvider$PooledConnection.onUncaughtException(DefaultPooledConnectionProvider.java:467) [reactor-netty-core-1.0.11.jar:1.0.11]
	at reactor.netty.channel.FluxReceive.drainReceiver(FluxReceive.java:232) [reactor-netty-core-1.0.11.jar:1.0.11]
	at reactor.netty.channel.FluxReceive.onInboundError(FluxReceive.java:453) [reactor-netty-core-1.0.11.jar:1.0.11]
	at reactor.netty.channel.ChannelOperations.onInboundError(ChannelOperations.java:488) [reactor-netty-core-1.0.11.jar:1.0.11]
	at reactor.netty.channel.ChannelOperationsHandler.exceptionCaught(ChannelOperationsHandler.java:126) [reactor-netty-core-1.0.11.jar:1.0.11]
	at io.netty.channel.AbstractChannelHandlerContext.invokeExceptionCaught(AbstractChannelHandlerContext.java:302) [netty-transport-4.1.68.Final.jar:4.1.68.Final]
	at io.netty.channel.AbstractChannelHandlerContext.invokeExceptionCaught(AbstractChannelHandlerContext.java:281) [netty-transport-4.1.68.Final.jar:4.1.68.Final]
	at io.netty.channel.AbstractChannelHandlerContext.fireExceptionCaught(AbstractChannelHandlerContext.java:273) [netty-transport-4.1.68.Final.jar:4.1.68.Final]
	at io.netty.handler.timeout.ReadTimeoutHandler.readTimedOut(ReadTimeoutHandler.java:98) [netty-handler-4.1.68.Final.jar:4.1.68.Final]
	at io.netty.handler.timeout.ReadTimeoutHandler.channelIdle(ReadTimeoutHandler.java:90) [netty-handler-4.1.68.Final.jar:4.1.68.Final]
	at io.netty.handler.timeout.IdleStateHandler$ReaderIdleTimeoutTask.run(IdleStateHandler.java:506) [netty-handler-4.1.68.Final.jar:4.1.68.Final]
	at io.netty.handler.timeout.IdleStateHandler$AbstractIdleTask.run(IdleStateHandler.java:478) [netty-handler-4.1.68.Final.jar:4.1.68.Final]
	at io.netty.util.concurrent.PromiseTask.runTask(PromiseTask.java:98) [netty-common-4.1.68.Final.jar:4.1.68.Final]
	at io.netty.util.concurrent.ScheduledFutureTask.run(ScheduledFutureTask.java:170) [netty-common-4.1.68.Final.jar:4.1.68.Final]
	at io.netty.util.concurrent.AbstractEventExecutor.safeExecute(AbstractEventExecutor.java:164) [netty-common-4.1.68.Final.jar:4.1.68.Final]
	at io.netty.util.concurrent.SingleThreadEventExecutor.runAllTasks(SingleThreadEventExecutor.java:469) [netty-common-4.1.68.Final.jar:4.1.68.Final]
	at io.netty.channel.nio.NioEventLoop.run(NioEventLoop.java:500) [netty-transport-4.1.68.Final.jar:4.1.68.Final]
	at io.netty.util.concurrent.SingleThreadEventExecutor$4.run(SingleThreadEventExecutor.java:986) [netty-common-4.1.68.Final.jar:4.1.68.Final]
	at io.netty.util.internal.ThreadExecutorMap$2.run(ThreadExecutorMap.java:74) [netty-common-4.1.68.Final.jar:4.1.68.Final]
	at io.netty.util.concurrent.FastThreadLocalRunnable.run(FastThreadLocalRunnable.java:30) [netty-common-4.1.68.Final.jar:4.1.68.Final]
	at java.lang.Thread.run(Thread.java:834) [?:?]
Caused by: org.springframework.web.reactive.function.client.WebClientRequestException: nested exception is io.netty.handler.timeout.ReadTimeoutException
	at org.springframework.web.reactive.function.client.ExchangeFunctions$DefaultExchangeFunction.lambda$wrapException$9(ExchangeFunctions.java:141) ~[spring-webflux-5.3.10.jar:5.3.10]
	Suppressed: reactor.core.publisher.FluxOnAssembly$OnAssemblyException: 
Error has been observed at the following site(s):
	|_ checkpoint ⇢ Request to GET http://10.0.10.106:8081/api/v2/req?prenom=Val%C3%A9rie&nom=Robert [DefaultWebClient]
Stack trace:
		at org.springframework.web.reactive.function.client.ExchangeFunctions$DefaultExchangeFunction.lambda$wrapException$9(ExchangeFunctions.java:141) ~[spring-webflux-5.3.10.jar:5.3.10]
		at reactor.core.publisher.MonoErrorSupplied.subscribe(MonoErrorSupplied.java:55) [reactor-core-3.4.10.jar:3.4.10]
		at reactor.core.publisher.Mono.subscribe(Mono.java:4361) [reactor-core-3.4.10.jar:3.4.10]
		at reactor.core.publisher.FluxOnErrorResume$ResumeSubscriber.onError(FluxOnErrorResume.java:103) [reactor-core-3.4.10.jar:3.4.10]
		at reactor.core.publisher.FluxPeek$PeekSubscriber.onError(FluxPeek.java:222) [reactor-core-3.4.10.jar:3.4.10]
		at reactor.core.publisher.FluxPeek$PeekSubscriber.onError(FluxPeek.java:222) [reactor-core-3.4.10.jar:3.4.10]
		at reactor.core.publisher.FluxPeek$PeekSubscriber.onError(FluxPeek.java:222) [reactor-core-3.4.10.jar:3.4.10]
		at reactor.core.publisher.MonoNext$NextSubscriber.onError(MonoNext.java:93) [reactor-core-3.4.10.jar:3.4.10]
		at reactor.core.publisher.MonoFlatMapMany$FlatMapManyMain.onError(MonoFlatMapMany.java:204) [reactor-core-3.4.10.jar:3.4.10]
		at reactor.core.publisher.SerializedSubscriber.onError(SerializedSubscriber.java:124) [reactor-core-3.4.10.jar:3.4.10]
		at reactor.core.publisher.FluxRetryWhen$RetryWhenMainSubscriber.whenError(FluxRetryWhen.java:225) [reactor-core-3.4.10.jar:3.4.10]
		at reactor.core.publisher.FluxRetryWhen$RetryWhenOtherSubscriber.onError(FluxRetryWhen.java:274) [reactor-core-3.4.10.jar:3.4.10]
		at reactor.core.publisher.FluxConcatMap$ConcatMapImmediate.drain(FluxConcatMap.java:414) [reactor-core-3.4.10.jar:3.4.10]
		at reactor.core.publisher.FluxConcatMap$ConcatMapImmediate.onNext(FluxConcatMap.java:251) [reactor-core-3.4.10.jar:3.4.10]
		at reactor.core.publisher.EmitterProcessor.drain(EmitterProcessor.java:491) [reactor-core-3.4.10.jar:3.4.10]
		at reactor.core.publisher.EmitterProcessor.tryEmitNext(EmitterProcessor.java:299) [reactor-core-3.4.10.jar:3.4.10]
		at reactor.core.publisher.SinkManySerialized.tryEmitNext(SinkManySerialized.java:100) [reactor-core-3.4.10.jar:3.4.10]
		at reactor.core.publisher.InternalManySink.emitNext(InternalManySink.java:27) [reactor-core-3.4.10.jar:3.4.10]
		at reactor.core.publisher.FluxRetryWhen$RetryWhenMainSubscriber.onError(FluxRetryWhen.java:190) [reactor-core-3.4.10.jar:3.4.10]
		at reactor.core.publisher.MonoCreate$DefaultMonoSink.error(MonoCreate.java:189) [reactor-core-3.4.10.jar:3.4.10]
		at reactor.netty.http.client.HttpClientConnect$HttpObserver.onUncaughtException(HttpClientConnect.java:384) [reactor-netty-http-1.0.11.jar:1.0.11]
		at reactor.netty.ReactorNetty$CompositeConnectionObserver.onUncaughtException(ReactorNetty.java:647) [reactor-netty-core-1.0.11.jar:1.0.11]
		at reactor.netty.resources.DefaultPooledConnectionProvider$DisposableAcquire.onUncaughtException(DefaultPooledConnectionProvider.java:219) [reactor-netty-core-1.0.11.jar:1.0.11]
		at reactor.netty.resources.DefaultPooledConnectionProvider$PooledConnection.onUncaughtException(DefaultPooledConnectionProvider.java:467) [reactor-netty-core-1.0.11.jar:1.0.11]
		at reactor.netty.channel.FluxReceive.drainReceiver(FluxReceive.java:232) [reactor-netty-core-1.0.11.jar:1.0.11]
		at reactor.netty.channel.FluxReceive.onInboundError(FluxReceive.java:453) [reactor-netty-core-1.0.11.jar:1.0.11]
		at reactor.netty.channel.ChannelOperations.onInboundError(ChannelOperations.java:488) [reactor-netty-core-1.0.11.jar:1.0.11]
		at reactor.netty.channel.ChannelOperationsHandler.exceptionCaught(ChannelOperationsHandler.java:126) [reactor-netty-core-1.0.11.jar:1.0.11]
		at io.netty.channel.AbstractChannelHandlerContext.invokeExceptionCaught(AbstractChannelHandlerContext.java:302) [netty-transport-4.1.68.Final.jar:4.1.68.Final]
		at io.netty.channel.AbstractChannelHandlerContext.invokeExceptionCaught(AbstractChannelHandlerContext.java:281) [netty-transport-4.1.68.Final.jar:4.1.68.Final]
		at io.netty.channel.AbstractChannelHandlerContext.fireExceptionCaught(AbstractChannelHandlerContext.java:273) [netty-transport-4.1.68.Final.jar:4.1.68.Final]
		at io.netty.handler.timeout.ReadTimeoutHandler.readTimedOut(ReadTimeoutHandler.java:98) [netty-handler-4.1.68.Final.jar:4.1.68.Final]
		at io.netty.handler.timeout.ReadTimeoutHandler.channelIdle(ReadTimeoutHandler.java:90) [netty-handler-4.1.68.Final.jar:4.1.68.Final]
		at io.netty.handler.timeout.IdleStateHandler$ReaderIdleTimeoutTask.run(IdleStateHandler.java:506) [netty-handler-4.1.68.Final.jar:4.1.68.Final]
		at io.netty.handler.timeout.IdleStateHandler$AbstractIdleTask.run(IdleStateHandler.java:478) [netty-handler-4.1.68.Final.jar:4.1.68.Final]
		at io.netty.util.concurrent.PromiseTask.runTask(PromiseTask.java:98) [netty-common-4.1.68.Final.jar:4.1.68.Final]
		at io.netty.util.concurrent.ScheduledFutureTask.run(ScheduledFutureTask.java:170) [netty-common-4.1.68.Final.jar:4.1.68.Final]
		at io.netty.util.concurrent.AbstractEventExecutor.safeExecute(AbstractEventExecutor.java:164) [netty-common-4.1.68.Final.jar:4.1.68.Final]
		at io.netty.util.concurrent.SingleThreadEventExecutor.runAllTasks(SingleThreadEventExecutor.java:469) [netty-common-4.1.68.Final.jar:4.1.68.Final]
		at io.netty.channel.nio.NioEventLoop.run(NioEventLoop.java:500) [netty-transport-4.1.68.Final.jar:4.1.68.Final]
		at io.netty.util.concurrent.SingleThreadEventExecutor$4.run(SingleThreadEventExecutor.java:986) [netty-common-4.1.68.Final.jar:4.1.68.Final]
		at io.netty.util.internal.ThreadExecutorMap$2.run(ThreadExecutorMap.java:74) [netty-common-4.1.68.Final.jar:4.1.68.Final]
		at io.netty.util.concurrent.FastThreadLocalRunnable.run(FastThreadLocalRunnable.java:30) [netty-common-4.1.68.Final.jar:4.1.68.Final]
		at java.lang.Thread.run(Thread.java:834) [?:?]
Caused by: io.netty.handler.timeout.ReadTimeoutException
ERROR 2021-09-25T22:53:54,013 [http-nio-8282-exec-3][[]] fr.abes.webservice.exception.ExceptionControllerHandler - Page not found
ERROR 2021-09-25T22:54:14,196 [DiscoveryClient-HeartbeatExecutor-0][[]] com.netflix.discovery.DiscoveryClient - DiscoveryClient_WEB-SERVICE/10.0.10.106:web-service:8282 - was unable to send heartbeat!
com.netflix.discovery.shared.transport.TransportException: Cannot execute request on any known server
	at com.netflix.discovery.shared.transport.decorator.RetryableEurekaHttpClient.execute(RetryableEurekaHttpClient.java:112) ~[eureka-client-1.10.16.jar:1.10.16]
	at com.netflix.discovery.shared.transport.decorator.EurekaHttpClientDecorator.sendHeartBeat(EurekaHttpClientDecorator.java:89) ~[eureka-client-1.10.16.jar:1.10.16]
	at com.netflix.discovery.shared.transport.decorator.EurekaHttpClientDecorator$3.execute(EurekaHttpClientDecorator.java:92) ~[eureka-client-1.10.16.jar:1.10.16]
	at com.netflix.discovery.shared.transport.decorator.SessionedEurekaHttpClient.execute(SessionedEurekaHttpClient.java:77) ~[eureka-client-1.10.16.jar:1.10.16]
	at com.netflix.discovery.shared.transport.decorator.EurekaHttpClientDecorator.sendHeartBeat(EurekaHttpClientDecorator.java:89) ~[eureka-client-1.10.16.jar:1.10.16]
	at com.netflix.discovery.DiscoveryClient.renew(DiscoveryClient.java:893) [eureka-client-1.10.16.jar:1.10.16]
	at com.netflix.discovery.DiscoveryClient$HeartbeatThread.run(DiscoveryClient.java:1457) [eureka-client-1.10.16.jar:1.10.16]
	at java.util.concurrent.Executors$RunnableAdapter.call(Executors.java:515) [?:?]
	at java.util.concurrent.FutureTask.run(FutureTask.java:264) [?:?]
	at java.util.concurrent.ThreadPoolExecutor.runWorker(ThreadPoolExecutor.java:1128) [?:?]
	at java.util.concurrent.ThreadPoolExecutor$Worker.run(ThreadPoolExecutor.java:628) [?:?]
	at java.lang.Thread.run(Thread.java:834) [?:?]
ERROR 2021-09-25T22:54:18,389 [SpringApplicationShutdownHook][[]] com.netflix.discovery.DiscoveryClient - DiscoveryClient_WEB-SERVICE/10.0.10.106:web-service:8282 - de-registration failedCannot execute request on any known server
com.netflix.discovery.shared.transport.TransportException: Cannot execute request on any known server
	at com.netflix.discovery.shared.transport.decorator.RetryableEurekaHttpClient.execute(RetryableEurekaHttpClient.java:112) ~[eureka-client-1.10.16.jar:1.10.16]
	at com.netflix.discovery.shared.transport.decorator.EurekaHttpClientDecorator.cancel(EurekaHttpClientDecorator.java:71) ~[eureka-client-1.10.16.jar:1.10.16]
	at com.netflix.discovery.shared.transport.decorator.EurekaHttpClientDecorator$2.execute(EurekaHttpClientDecorator.java:74) ~[eureka-client-1.10.16.jar:1.10.16]
	at com.netflix.discovery.shared.transport.decorator.SessionedEurekaHttpClient.execute(SessionedEurekaHttpClient.java:77) ~[eureka-client-1.10.16.jar:1.10.16]
	at com.netflix.discovery.shared.transport.decorator.EurekaHttpClientDecorator.cancel(EurekaHttpClientDecorator.java:71) ~[eureka-client-1.10.16.jar:1.10.16]
	at com.netflix.discovery.DiscoveryClient.unregister(DiscoveryClient.java:972) ~[eureka-client-1.10.16.jar:1.10.16]
	at com.netflix.discovery.DiscoveryClient.shutdown(DiscoveryClient.java:948) ~[eureka-client-1.10.16.jar:1.10.16]
	at jdk.internal.reflect.NativeMethodAccessorImpl.invoke0(Native Method) ~[?:?]
	at jdk.internal.reflect.NativeMethodAccessorImpl.invoke(NativeMethodAccessorImpl.java:62) ~[?:?]
	at jdk.internal.reflect.DelegatingMethodAccessorImpl.invoke(DelegatingMethodAccessorImpl.java:43) ~[?:?]
	at java.lang.reflect.Method.invoke(Method.java:566) ~[?:?]
	at org.springframework.beans.factory.annotation.InitDestroyAnnotationBeanPostProcessor$LifecycleElement.invoke(InitDestroyAnnotationBeanPostProcessor.java:389) ~[spring-beans-5.3.10.jar:5.3.10]
	at org.springframework.beans.factory.annotation.InitDestroyAnnotationBeanPostProcessor$LifecycleMetadata.invokeDestroyMethods(InitDestroyAnnotationBeanPostProcessor.java:347) ~[spring-beans-5.3.10.jar:5.3.10]
	at org.springframework.beans.factory.annotation.InitDestroyAnnotationBeanPostProcessor.postProcessBeforeDestruction(InitDestroyAnnotationBeanPostProcessor.java:177) ~[spring-beans-5.3.10.jar:5.3.10]
	at org.springframework.beans.factory.support.DisposableBeanAdapter.destroy(DisposableBeanAdapter.java:184) ~[spring-beans-5.3.10.jar:5.3.10]
	at org.springframework.beans.factory.support.DisposableBeanAdapter.run(DisposableBeanAdapter.java:177) ~[spring-beans-5.3.10.jar:5.3.10]
	at org.springframework.cloud.context.scope.GenericScope$BeanLifecycleWrapper.destroy(GenericScope.java:390) ~[spring-cloud-context-3.0.4.jar:3.0.4]
	at org.springframework.cloud.context.scope.GenericScope.destroy(GenericScope.java:136) ~[spring-cloud-context-3.0.4.jar:3.0.4]
	at org.springframework.beans.factory.support.DisposableBeanAdapter.destroy(DisposableBeanAdapter.java:200) ~[spring-beans-5.3.10.jar:5.3.10]
	at org.springframework.beans.factory.support.DefaultSingletonBeanRegistry.destroyBean(DefaultSingletonBeanRegistry.java:587) ~[spring-beans-5.3.10.jar:5.3.10]
	at org.springframework.beans.factory.support.DefaultSingletonBeanRegistry.destroySingleton(DefaultSingletonBeanRegistry.java:559) ~[spring-beans-5.3.10.jar:5.3.10]
	at org.springframework.beans.factory.support.DefaultListableBeanFactory.destroySingleton(DefaultListableBeanFactory.java:1152) ~[spring-beans-5.3.10.jar:5.3.10]
	at org.springframework.beans.factory.support.DefaultSingletonBeanRegistry.destroySingletons(DefaultSingletonBeanRegistry.java:520) ~[spring-beans-5.3.10.jar:5.3.10]
	at org.springframework.beans.factory.support.DefaultListableBeanFactory.destroySingletons(DefaultListableBeanFactory.java:1145) ~[spring-beans-5.3.10.jar:5.3.10]
	at org.springframework.context.support.AbstractApplicationContext.destroyBeans(AbstractApplicationContext.java:1106) ~[spring-context-5.3.10.jar:5.3.10]
	at org.springframework.context.support.AbstractApplicationContext.doClose(AbstractApplicationContext.java:1075) ~[spring-context-5.3.10.jar:5.3.10]
	at org.springframework.boot.web.servlet.context.ServletWebServerApplicationContext.doClose(ServletWebServerApplicationContext.java:172) ~[spring-boot-2.5.5.jar:2.5.5]
	at org.springframework.context.support.AbstractApplicationContext.close(AbstractApplicationContext.java:1021) ~[spring-context-5.3.10.jar:5.3.10]
	at org.springframework.boot.SpringApplicationShutdownHook.closeAndWait(SpringApplicationShutdownHook.java:137) ~[spring-boot-2.5.5.jar:2.5.5]
	at java.lang.Iterable.forEach(Iterable.java:75) [?:?]
	at org.springframework.boot.SpringApplicationShutdownHook.run(SpringApplicationShutdownHook.java:106) [spring-boot-2.5.5.jar:2.5.5]
	at java.lang.Thread.run(Thread.java:834) [?:?]
