 INFO 2021-09-27T09:42:50,554 [background-preinit][[]] org.hibernate.validator.internal.util.Version - HV000001: Hibernate Validator 6.2.0.Final
 INFO 2021-09-27T09:42:50,586 [main][[]] fr.abes.webservice.ApiGatewayApplication - Starting ApiGatewayApplication using Java 11.0.1 on Duy-Tran with PID 18928 (E:\ABES\microservice-qualica\api-gateway\target\classes started by sduyt in E:\ABES\microservice-qualica)
DEBUG 2021-09-27T09:42:50,587 [main][[]] fr.abes.webservice.ApiGatewayApplication - Running with Spring Boot v2.5.5, Spring v5.3.10
 INFO 2021-09-27T09:42:50,588 [main][[]] fr.abes.webservice.ApiGatewayApplication - The following profiles are active: localhost
 INFO 2021-09-27T09:42:50,620 [main][[]] org.springframework.boot.context.config.ConfigDataLoader - Fetching config from server at : http://localhost:8888
 INFO 2021-09-27T09:42:50,621 [main][[]] org.springframework.boot.context.config.ConfigDataLoader - Located environment: name=api-gateway, profiles=[localhost], label=null, version=9ea5565b8649bb13ea6e1c95146345d3d7cc336a, state=null
 INFO 2021-09-27T09:42:51,542 [main][[]] org.springframework.cloud.context.scope.GenericScope - BeanFactory id=a3531b22-a6ca-3958-847a-0a4a19b2c2a4
 INFO 2021-09-27T09:42:51,640 [main][[]] org.springframework.context.support.PostProcessorRegistrationDelegate$BeanPostProcessorChecker - Bean 'org.springframework.cloud.client.loadbalancer.reactive.LoadBalancerBeanPostProcessorAutoConfiguration' of type [org.springframework.cloud.client.loadbalancer.reactive.LoadBalancerBeanPostProcessorAutoConfiguration] is not eligible for getting processed by all BeanPostProcessors (for example: not eligible for auto-proxying)
 INFO 2021-09-27T09:42:51,641 [main][[]] org.springframework.context.support.PostProcessorRegistrationDelegate$BeanPostProcessorChecker - Bean 'org.springframework.cloud.client.loadbalancer.reactive.LoadBalancerBeanPostProcessorAutoConfiguration$ReactorDeferringLoadBalancerFilterConfig' of type [org.springframework.cloud.client.loadbalancer.reactive.LoadBalancerBeanPostProcessorAutoConfiguration$ReactorDeferringLoadBalancerFilterConfig] is not eligible for getting processed by all BeanPostProcessors (for example: not eligible for auto-proxying)
 INFO 2021-09-27T09:42:51,644 [main][[]] org.springframework.context.support.PostProcessorRegistrationDelegate$BeanPostProcessorChecker - Bean 'reactorDeferringLoadBalancerExchangeFilterFunction' of type [org.springframework.cloud.client.loadbalancer.reactive.DeferringLoadBalancerExchangeFilterFunction] is not eligible for getting processed by all BeanPostProcessors (for example: not eligible for auto-proxying)
 INFO 2021-09-27T09:42:52,926 [main][[]] org.springframework.cloud.gateway.route.RouteDefinitionRouteLocator - Loaded RoutePredicateFactory [After]
 INFO 2021-09-27T09:42:52,927 [main][[]] org.springframework.cloud.gateway.route.RouteDefinitionRouteLocator - Loaded RoutePredicateFactory [Before]
 INFO 2021-09-27T09:42:52,927 [main][[]] org.springframework.cloud.gateway.route.RouteDefinitionRouteLocator - Loaded RoutePredicateFactory [Between]
 INFO 2021-09-27T09:42:52,927 [main][[]] org.springframework.cloud.gateway.route.RouteDefinitionRouteLocator - Loaded RoutePredicateFactory [Cookie]
 INFO 2021-09-27T09:42:52,927 [main][[]] org.springframework.cloud.gateway.route.RouteDefinitionRouteLocator - Loaded RoutePredicateFactory [Header]
 INFO 2021-09-27T09:42:52,927 [main][[]] org.springframework.cloud.gateway.route.RouteDefinitionRouteLocator - Loaded RoutePredicateFactory [Host]
 INFO 2021-09-27T09:42:52,927 [main][[]] org.springframework.cloud.gateway.route.RouteDefinitionRouteLocator - Loaded RoutePredicateFactory [Method]
 INFO 2021-09-27T09:42:52,928 [main][[]] org.springframework.cloud.gateway.route.RouteDefinitionRouteLocator - Loaded RoutePredicateFactory [Path]
 INFO 2021-09-27T09:42:52,928 [main][[]] org.springframework.cloud.gateway.route.RouteDefinitionRouteLocator - Loaded RoutePredicateFactory [Query]
 INFO 2021-09-27T09:42:52,928 [main][[]] org.springframework.cloud.gateway.route.RouteDefinitionRouteLocator - Loaded RoutePredicateFactory [ReadBody]
 INFO 2021-09-27T09:42:52,928 [main][[]] org.springframework.cloud.gateway.route.RouteDefinitionRouteLocator - Loaded RoutePredicateFactory [RemoteAddr]
 INFO 2021-09-27T09:42:52,928 [main][[]] org.springframework.cloud.gateway.route.RouteDefinitionRouteLocator - Loaded RoutePredicateFactory [Weight]
 INFO 2021-09-27T09:42:52,928 [main][[]] org.springframework.cloud.gateway.route.RouteDefinitionRouteLocator - Loaded RoutePredicateFactory [CloudFoundryRouteService]
 INFO 2021-09-27T09:42:53,546 [main][[]] org.springframework.boot.actuate.endpoint.web.EndpointLinksResolver - Exposing 3 endpoint(s) beneath base path '/actuator'
 INFO 2021-09-27T09:42:53,704 [main][[]] org.springframework.cloud.netflix.eureka.config.DiscoveryClientOptionalArgsConfiguration - Eureka HTTP Client uses RestTemplate.
 WARN 2021-09-27T09:42:53,753 [main][[]] org.springframework.cloud.loadbalancer.config.LoadBalancerCacheAutoConfiguration$LoadBalancerCaffeineWarnLogger - Spring Cloud LoadBalancer is currently working with the default cache. You can switch to using Caffeine cache, by adding it and org.springframework.cache.caffeine.CaffeineCacheManager to the classpath.
 INFO 2021-09-27T09:42:53,816 [main][[]] org.springframework.cloud.netflix.eureka.InstanceInfoFactory - Setting initial instance status as: STARTING
 INFO 2021-09-27T09:42:53,846 [main][[]] com.netflix.discovery.DiscoveryClient - Initializing Eureka in region us-east-1
 INFO 2021-09-27T09:42:53,849 [main][[]] com.netflix.discovery.shared.resolver.aws.ConfigClusterResolver - Resolving eureka endpoints via configuration
 INFO 2021-09-27T09:42:53,867 [main][[]] com.netflix.discovery.DiscoveryClient - Disable delta property : false
 INFO 2021-09-27T09:42:53,867 [main][[]] com.netflix.discovery.DiscoveryClient - Single vip registry refresh property : null
 INFO 2021-09-27T09:42:53,867 [main][[]] com.netflix.discovery.DiscoveryClient - Force full registry fetch : false
 INFO 2021-09-27T09:42:53,867 [main][[]] com.netflix.discovery.DiscoveryClient - Application is null : false
 INFO 2021-09-27T09:42:53,867 [main][[]] com.netflix.discovery.DiscoveryClient - Registered Applications size is zero : true
 INFO 2021-09-27T09:42:53,867 [main][[]] com.netflix.discovery.DiscoveryClient - Application version is -1: true
 INFO 2021-09-27T09:42:53,868 [main][[]] com.netflix.discovery.DiscoveryClient - Getting all instance registry info from the eureka server
 INFO 2021-09-27T09:42:54,056 [main][[]] com.netflix.discovery.DiscoveryClient - The response status is 200
 INFO 2021-09-27T09:42:54,058 [main][[]] com.netflix.discovery.DiscoveryClient - Starting heartbeat executor: renew interval is: 30
 INFO 2021-09-27T09:42:54,060 [main][[]] com.netflix.discovery.InstanceInfoReplicator - InstanceInfoReplicator onDemand update allowed rate per min is 4
 INFO 2021-09-27T09:42:54,065 [main][[]] com.netflix.discovery.DiscoveryClient - Discovery Client initialized at timestamp 1632728574064 with initial instances count: 0
 INFO 2021-09-27T09:42:54,066 [main][[]] org.springframework.cloud.netflix.eureka.serviceregistry.EurekaServiceRegistry - Registering application API-GATEWAY with eureka with status UP
 INFO 2021-09-27T09:42:54,066 [main][[]] com.netflix.discovery.DiscoveryClient - Saw local status change event StatusChangeEvent [timestamp=1632728574066, current=UP, previous=STARTING]
 INFO 2021-09-27T09:42:54,069 [DiscoveryClient-InstanceInfoReplicator-0][[]] com.netflix.discovery.DiscoveryClient - DiscoveryClient_API-GATEWAY/10.0.10.153:api-gateway:8765: registering service...
 INFO 2021-09-27T09:42:54,107 [DiscoveryClient-InstanceInfoReplicator-0][[]] com.netflix.discovery.DiscoveryClient - DiscoveryClient_API-GATEWAY/10.0.10.153:api-gateway:8765 - registration status: 204
 INFO 2021-09-27T09:42:54,632 [main][[]] org.springframework.boot.web.embedded.netty.NettyWebServer - Netty started on port 8765
 INFO 2021-09-27T09:42:54,633 [main][[]] org.springframework.cloud.netflix.eureka.serviceregistry.EurekaAutoServiceRegistration - Updating port to 8765
 INFO 2021-09-27T09:42:55,436 [main][[]] fr.abes.webservice.ApiGatewayApplication - Started ApiGatewayApplication in 6.522 seconds (JVM running for 7.613)
 INFO 2021-09-27T09:43:24,060 [DiscoveryClient-CacheRefreshExecutor-0][[]] com.netflix.discovery.DiscoveryClient - Disable delta property : false
 INFO 2021-09-27T09:43:24,061 [DiscoveryClient-CacheRefreshExecutor-0][[]] com.netflix.discovery.DiscoveryClient - Single vip registry refresh property : null
 INFO 2021-09-27T09:43:24,061 [DiscoveryClient-CacheRefreshExecutor-0][[]] com.netflix.discovery.DiscoveryClient - Force full registry fetch : false
 INFO 2021-09-27T09:43:24,061 [DiscoveryClient-CacheRefreshExecutor-0][[]] com.netflix.discovery.DiscoveryClient - Application is null : false
 INFO 2021-09-27T09:43:24,061 [DiscoveryClient-CacheRefreshExecutor-0][[]] com.netflix.discovery.DiscoveryClient - Registered Applications size is zero : true
 INFO 2021-09-27T09:43:24,061 [DiscoveryClient-CacheRefreshExecutor-0][[]] com.netflix.discovery.DiscoveryClient - Application version is -1: false
 INFO 2021-09-27T09:43:24,061 [DiscoveryClient-CacheRefreshExecutor-0][[]] com.netflix.discovery.DiscoveryClient - Getting all instance registry info from the eureka server
 INFO 2021-09-27T09:43:24,068 [DiscoveryClient-CacheRefreshExecutor-0][[]] com.netflix.discovery.DiscoveryClient - The response status is 200
 INFO 2021-09-27T09:47:53,871 [AsyncResolver-bootstrap-executor-0][[]] com.netflix.discovery.shared.resolver.aws.ConfigClusterResolver - Resolving eureka endpoints via configuration
 INFO 2021-09-27T09:52:53,875 [AsyncResolver-bootstrap-executor-0][[]] com.netflix.discovery.shared.resolver.aws.ConfigClusterResolver - Resolving eureka endpoints via configuration
 INFO 2021-09-27T09:57:53,878 [AsyncResolver-bootstrap-executor-0][[]] com.netflix.discovery.shared.resolver.aws.ConfigClusterResolver - Resolving eureka endpoints via configuration
 INFO 2021-09-27T10:02:53,879 [AsyncResolver-bootstrap-executor-0][[]] com.netflix.discovery.shared.resolver.aws.ConfigClusterResolver - Resolving eureka endpoints via configuration
 INFO 2021-09-27T10:07:53,882 [AsyncResolver-bootstrap-executor-0][[]] com.netflix.discovery.shared.resolver.aws.ConfigClusterResolver - Resolving eureka endpoints via configuration
 INFO 2021-09-27T10:12:53,884 [AsyncResolver-bootstrap-executor-0][[]] com.netflix.discovery.shared.resolver.aws.ConfigClusterResolver - Resolving eureka endpoints via configuration
 INFO 2021-09-27T10:17:53,886 [AsyncResolver-bootstrap-executor-0][[]] com.netflix.discovery.shared.resolver.aws.ConfigClusterResolver - Resolving eureka endpoints via configuration
 INFO 2021-09-27T10:22:53,887 [AsyncResolver-bootstrap-executor-0][[]] com.netflix.discovery.shared.resolver.aws.ConfigClusterResolver - Resolving eureka endpoints via configuration
 INFO 2021-09-27T10:27:53,889 [AsyncResolver-bootstrap-executor-0][[]] com.netflix.discovery.shared.resolver.aws.ConfigClusterResolver - Resolving eureka endpoints via configuration
 INFO 2021-09-27T10:31:35,635 [SpringApplicationShutdownHook][[]] org.springframework.cloud.netflix.eureka.serviceregistry.EurekaServiceRegistry - Unregistering application API-GATEWAY with eureka with status DOWN
 INFO 2021-09-27T10:31:35,636 [SpringApplicationShutdownHook][[]] com.netflix.discovery.DiscoveryClient - Saw local status change event StatusChangeEvent [timestamp=1632731495636, current=DOWN, previous=UP]
 INFO 2021-09-27T10:31:35,636 [DiscoveryClient-InstanceInfoReplicator-0][[]] com.netflix.discovery.DiscoveryClient - DiscoveryClient_API-GATEWAY/10.0.10.153:api-gateway:8765: registering service...
 INFO 2021-09-27T10:31:35,645 [DiscoveryClient-InstanceInfoReplicator-0][[]] com.netflix.discovery.DiscoveryClient - DiscoveryClient_API-GATEWAY/10.0.10.153:api-gateway:8765 - registration status: 204
 INFO 2021-09-27T10:31:37,676 [SpringApplicationShutdownHook][[]] com.netflix.discovery.DiscoveryClient - Shutting down DiscoveryClient ...
 INFO 2021-09-27T10:31:40,678 [SpringApplicationShutdownHook][[]] com.netflix.discovery.DiscoveryClient - Unregistering ...
 INFO 2021-09-27T10:31:44,690 [SpringApplicationShutdownHook][[]] com.netflix.discovery.shared.transport.decorator.RedirectingEurekaHttpClient - Request execution error. endpoint=DefaultEndpoint{ serviceUrl='http://localhost:8761/eureka/} exception=I/O error on DELETE request for "http://localhost:8761/eureka/apps/API-GATEWAY/10.0.10.153:api-gateway:8765": Connect to localhost:8761 [localhost/127.0.0.1, localhost/0:0:0:0:0:0:0:1] failed: Connection refused: connect; nested exception is org.apache.http.conn.HttpHostConnectException: Connect to localhost:8761 [localhost/127.0.0.1, localhost/0:0:0:0:0:0:0:1] failed: Connection refused: connect stacktrace=org.springframework.web.client.ResourceAccessException: I/O error on DELETE request for "http://localhost:8761/eureka/apps/API-GATEWAY/10.0.10.153:api-gateway:8765": Connect to localhost:8761 [localhost/127.0.0.1, localhost/0:0:0:0:0:0:0:1] failed: Connection refused: connect; nested exception is org.apache.http.conn.HttpHostConnectException: Connect to localhost:8761 [localhost/127.0.0.1, localhost/0:0:0:0:0:0:0:1] failed: Connection refused: connect
	at org.springframework.web.client.RestTemplate.doExecute(RestTemplate.java:785)
	at org.springframework.web.client.RestTemplate.execute(RestTemplate.java:711)
	at org.springframework.web.client.RestTemplate.exchange(RestTemplate.java:602)
	at org.springframework.cloud.netflix.eureka.http.RestTemplateEurekaHttpClient.cancel(RestTemplateEurekaHttpClient.java:87)
	at com.netflix.discovery.shared.transport.decorator.EurekaHttpClientDecorator$2.execute(EurekaHttpClientDecorator.java:74)
	at com.netflix.discovery.shared.transport.decorator.RedirectingEurekaHttpClient.execute(RedirectingEurekaHttpClient.java:91)
	at com.netflix.discovery.shared.transport.decorator.EurekaHttpClientDecorator.cancel(EurekaHttpClientDecorator.java:71)
	at com.netflix.discovery.shared.transport.decorator.EurekaHttpClientDecorator$2.execute(EurekaHttpClientDecorator.java:74)
	at com.netflix.discovery.shared.transport.decorator.RetryableEurekaHttpClient.execute(RetryableEurekaHttpClient.java:120)
	at com.netflix.discovery.shared.transport.decorator.EurekaHttpClientDecorator.cancel(EurekaHttpClientDecorator.java:71)
	at com.netflix.discovery.shared.transport.decorator.EurekaHttpClientDecorator$2.execute(EurekaHttpClientDecorator.java:74)
	at com.netflix.discovery.shared.transport.decorator.SessionedEurekaHttpClient.execute(SessionedEurekaHttpClient.java:77)
	at com.netflix.discovery.shared.transport.decorator.EurekaHttpClientDecorator.cancel(EurekaHttpClientDecorator.java:71)
	at com.netflix.discovery.DiscoveryClient.unregister(DiscoveryClient.java:972)
	at com.netflix.discovery.DiscoveryClient.shutdown(DiscoveryClient.java:948)
	at java.base/jdk.internal.reflect.NativeMethodAccessorImpl.invoke0(Native Method)
	at java.base/jdk.internal.reflect.NativeMethodAccessorImpl.invoke(NativeMethodAccessorImpl.java:62)
	at java.base/jdk.internal.reflect.DelegatingMethodAccessorImpl.invoke(DelegatingMethodAccessorImpl.java:43)
	at java.base/java.lang.reflect.Method.invoke(Method.java:566)
	at org.springframework.beans.factory.annotation.InitDestroyAnnotationBeanPostProcessor$LifecycleElement.invoke(InitDestroyAnnotationBeanPostProcessor.java:389)
	at org.springframework.beans.factory.annotation.InitDestroyAnnotationBeanPostProcessor$LifecycleMetadata.invokeDestroyMethods(InitDestroyAnnotationBeanPostProcessor.java:347)
	at org.springframework.beans.factory.annotation.InitDestroyAnnotationBeanPostProcessor.postProcessBeforeDestruction(InitDestroyAnnotationBeanPostProcessor.java:177)
	at org.springframework.beans.factory.support.DisposableBeanAdapter.destroy(DisposableBeanAdapter.java:184)
	at org.springframework.beans.factory.support.DisposableBeanAdapter.run(DisposableBeanAdapter.java:177)
	at org.springframework.cloud.context.scope.GenericScope$BeanLifecycleWrapper.destroy(GenericScope.java:390)
	at org.springframework.cloud.context.scope.GenericScope.destroy(GenericScope.java:136)
	at org.springframework.beans.factory.support.DisposableBeanAdapter.destroy(DisposableBeanAdapter.java:200)
	at org.springframework.beans.factory.support.DefaultSingletonBeanRegistry.destroyBean(DefaultSingletonBeanRegistry.java:587)
	at org.springframework.beans.factory.support.DefaultSingletonBeanRegistry.destroySingleton(DefaultSingletonBeanRegistry.java:559)
	at org.springframework.beans.factory.support.DefaultListableBeanFactory.destroySingleton(DefaultListableBeanFactory.java:1152)
	at org.springframework.beans.factory.support.DefaultSingletonBeanRegistry.destroySingletons(DefaultSingletonBeanRegistry.java:520)
	at org.springframework.beans.factory.support.DefaultListableBeanFactory.destroySingletons(DefaultListableBeanFactory.java:1145)
	at org.springframework.context.support.AbstractApplicationContext.destroyBeans(AbstractApplicationContext.java:1106)
	at org.springframework.context.support.AbstractApplicationContext.doClose(AbstractApplicationContext.java:1075)
	at org.springframework.boot.web.reactive.context.ReactiveWebServerApplicationContext.doClose(ReactiveWebServerApplicationContext.java:147)
	at org.springframework.context.support.AbstractApplicationContext.close(AbstractApplicationContext.java:1021)
	at org.springframework.boot.SpringApplicationShutdownHook.closeAndWait(SpringApplicationShutdownHook.java:137)
	at java.base/java.lang.Iterable.forEach(Iterable.java:75)
	at org.springframework.boot.SpringApplicationShutdownHook.run(SpringApplicationShutdownHook.java:106)
	at java.base/java.lang.Thread.run(Thread.java:834)
Caused by: org.apache.http.conn.HttpHostConnectException: Connect to localhost:8761 [localhost/127.0.0.1, localhost/0:0:0:0:0:0:0:1] failed: Connection refused: connect
	at org.apache.http.impl.conn.DefaultHttpClientConnectionOperator.connect(DefaultHttpClientConnectionOperator.java:156)
	at org.apache.http.impl.conn.PoolingHttpClientConnectionManager.connect(PoolingHttpClientConnectionManager.java:376)
	at org.apache.http.impl.execchain.MainClientExec.establishRoute(MainClientExec.java:393)
	at org.apache.http.impl.execchain.MainClientExec.execute(MainClientExec.java:236)
	at org.apache.http.impl.execchain.ProtocolExec.execute(ProtocolExec.java:186)
	at org.apache.http.impl.execchain.RetryExec.execute(RetryExec.java:89)
	at org.apache.http.impl.execchain.RedirectExec.execute(RedirectExec.java:110)
	at org.apache.http.impl.client.InternalHttpClient.doExecute(InternalHttpClient.java:185)
	at org.apache.http.impl.client.CloseableHttpClient.execute(CloseableHttpClient.java:83)
	at org.apache.http.impl.client.CloseableHttpClient.execute(CloseableHttpClient.java:56)
	at org.springframework.http.client.HttpComponentsClientHttpRequest.executeInternal(HttpComponentsClientHttpRequest.java:87)
	at org.springframework.http.client.AbstractBufferingClientHttpRequest.executeInternal(AbstractBufferingClientHttpRequest.java:48)
	at org.springframework.http.client.AbstractClientHttpRequest.execute(AbstractClientHttpRequest.java:66)
	at org.springframework.web.client.RestTemplate.doExecute(RestTemplate.java:776)
	... 39 more
Caused by: java.net.ConnectException: Connection refused: connect
	at java.base/java.net.PlainSocketImpl.connect0(Native Method)
	at java.base/java.net.PlainSocketImpl.socketConnect(PlainSocketImpl.java:101)
	at java.base/java.net.AbstractPlainSocketImpl.doConnect(AbstractPlainSocketImpl.java:399)
	at java.base/java.net.AbstractPlainSocketImpl.connectToAddress(AbstractPlainSocketImpl.java:242)
	at java.base/java.net.AbstractPlainSocketImpl.connect(AbstractPlainSocketImpl.java:224)
	at java.base/java.net.SocksSocketImpl.connect(SocksSocketImpl.java:403)
	at java.base/java.net.Socket.connect(Socket.java:591)
	at org.apache.http.conn.socket.PlainConnectionSocketFactory.connectSocket(PlainConnectionSocketFactory.java:75)
	at org.apache.http.impl.conn.DefaultHttpClientConnectionOperator.connect(DefaultHttpClientConnectionOperator.java:142)
	... 52 more

 WARN 2021-09-27T10:31:44,691 [SpringApplicationShutdownHook][[]] com.netflix.discovery.shared.transport.decorator.RetryableEurekaHttpClient - Request execution failed with message: I/O error on DELETE request for "http://localhost:8761/eureka/apps/API-GATEWAY/10.0.10.153:api-gateway:8765": Connect to localhost:8761 [localhost/127.0.0.1, localhost/0:0:0:0:0:0:0:1] failed: Connection refused: connect; nested exception is org.apache.http.conn.HttpHostConnectException: Connect to localhost:8761 [localhost/127.0.0.1, localhost/0:0:0:0:0:0:0:1] failed: Connection refused: connect
 INFO 2021-09-27T10:31:48,703 [SpringApplicationShutdownHook][[]] com.netflix.discovery.shared.transport.decorator.RedirectingEurekaHttpClient - Request execution error. endpoint=DefaultEndpoint{ serviceUrl='http://localhost:8761/eureka/}, exception=I/O error on DELETE request for "http://localhost:8761/eureka/apps/API-GATEWAY/10.0.10.153:api-gateway:8765": Connect to localhost:8761 [localhost/127.0.0.1, localhost/0:0:0:0:0:0:0:1] failed: Connection refused: connect; nested exception is org.apache.http.conn.HttpHostConnectException: Connect to localhost:8761 [localhost/127.0.0.1, localhost/0:0:0:0:0:0:0:1] failed: Connection refused: connect stacktrace=org.springframework.web.client.ResourceAccessException: I/O error on DELETE request for "http://localhost:8761/eureka/apps/API-GATEWAY/10.0.10.153:api-gateway:8765": Connect to localhost:8761 [localhost/127.0.0.1, localhost/0:0:0:0:0:0:0:1] failed: Connection refused: connect; nested exception is org.apache.http.conn.HttpHostConnectException: Connect to localhost:8761 [localhost/127.0.0.1, localhost/0:0:0:0:0:0:0:1] failed: Connection refused: connect
	at org.springframework.web.client.RestTemplate.doExecute(RestTemplate.java:785)
	at org.springframework.web.client.RestTemplate.execute(RestTemplate.java:711)
	at org.springframework.web.client.RestTemplate.exchange(RestTemplate.java:602)
	at org.springframework.cloud.netflix.eureka.http.RestTemplateEurekaHttpClient.cancel(RestTemplateEurekaHttpClient.java:87)
	at com.netflix.discovery.shared.transport.decorator.EurekaHttpClientDecorator$2.execute(EurekaHttpClientDecorator.java:74)
	at com.netflix.discovery.shared.transport.decorator.RedirectingEurekaHttpClient.executeOnNewServer(RedirectingEurekaHttpClient.java:121)
	at com.netflix.discovery.shared.transport.decorator.RedirectingEurekaHttpClient.execute(RedirectingEurekaHttpClient.java:80)
	at com.netflix.discovery.shared.transport.decorator.EurekaHttpClientDecorator.cancel(EurekaHttpClientDecorator.java:71)
	at com.netflix.discovery.shared.transport.decorator.EurekaHttpClientDecorator$2.execute(EurekaHttpClientDecorator.java:74)
	at com.netflix.discovery.shared.transport.decorator.RetryableEurekaHttpClient.execute(RetryableEurekaHttpClient.java:120)
	at com.netflix.discovery.shared.transport.decorator.EurekaHttpClientDecorator.cancel(EurekaHttpClientDecorator.java:71)
	at com.netflix.discovery.shared.transport.decorator.EurekaHttpClientDecorator$2.execute(EurekaHttpClientDecorator.java:74)
	at com.netflix.discovery.shared.transport.decorator.SessionedEurekaHttpClient.execute(SessionedEurekaHttpClient.java:77)
	at com.netflix.discovery.shared.transport.decorator.EurekaHttpClientDecorator.cancel(EurekaHttpClientDecorator.java:71)
	at com.netflix.discovery.DiscoveryClient.unregister(DiscoveryClient.java:972)
	at com.netflix.discovery.DiscoveryClient.shutdown(DiscoveryClient.java:948)
	at java.base/jdk.internal.reflect.NativeMethodAccessorImpl.invoke0(Native Method)
	at java.base/jdk.internal.reflect.NativeMethodAccessorImpl.invoke(NativeMethodAccessorImpl.java:62)
	at java.base/jdk.internal.reflect.DelegatingMethodAccessorImpl.invoke(DelegatingMethodAccessorImpl.java:43)
	at java.base/java.lang.reflect.Method.invoke(Method.java:566)
	at org.springframework.beans.factory.annotation.InitDestroyAnnotationBeanPostProcessor$LifecycleElement.invoke(InitDestroyAnnotationBeanPostProcessor.java:389)
	at org.springframework.beans.factory.annotation.InitDestroyAnnotationBeanPostProcessor$LifecycleMetadata.invokeDestroyMethods(InitDestroyAnnotationBeanPostProcessor.java:347)
	at org.springframework.beans.factory.annotation.InitDestroyAnnotationBeanPostProcessor.postProcessBeforeDestruction(InitDestroyAnnotationBeanPostProcessor.java:177)
	at org.springframework.beans.factory.support.DisposableBeanAdapter.destroy(DisposableBeanAdapter.java:184)
	at org.springframework.beans.factory.support.DisposableBeanAdapter.run(DisposableBeanAdapter.java:177)
	at org.springframework.cloud.context.scope.GenericScope$BeanLifecycleWrapper.destroy(GenericScope.java:390)
	at org.springframework.cloud.context.scope.GenericScope.destroy(GenericScope.java:136)
	at org.springframework.beans.factory.support.DisposableBeanAdapter.destroy(DisposableBeanAdapter.java:200)
	at org.springframework.beans.factory.support.DefaultSingletonBeanRegistry.destroyBean(DefaultSingletonBeanRegistry.java:587)
	at org.springframework.beans.factory.support.DefaultSingletonBeanRegistry.destroySingleton(DefaultSingletonBeanRegistry.java:559)
	at org.springframework.beans.factory.support.DefaultListableBeanFactory.destroySingleton(DefaultListableBeanFactory.java:1152)
	at org.springframework.beans.factory.support.DefaultSingletonBeanRegistry.destroySingletons(DefaultSingletonBeanRegistry.java:520)
	at org.springframework.beans.factory.support.DefaultListableBeanFactory.destroySingletons(DefaultListableBeanFactory.java:1145)
	at org.springframework.context.support.AbstractApplicationContext.destroyBeans(AbstractApplicationContext.java:1106)
	at org.springframework.context.support.AbstractApplicationContext.doClose(AbstractApplicationContext.java:1075)
	at org.springframework.boot.web.reactive.context.ReactiveWebServerApplicationContext.doClose(ReactiveWebServerApplicationContext.java:147)
	at org.springframework.context.support.AbstractApplicationContext.close(AbstractApplicationContext.java:1021)
	at org.springframework.boot.SpringApplicationShutdownHook.closeAndWait(SpringApplicationShutdownHook.java:137)
	at java.base/java.lang.Iterable.forEach(Iterable.java:75)
	at org.springframework.boot.SpringApplicationShutdownHook.run(SpringApplicationShutdownHook.java:106)
	at java.base/java.lang.Thread.run(Thread.java:834)
Caused by: org.apache.http.conn.HttpHostConnectException: Connect to localhost:8761 [localhost/127.0.0.1, localhost/0:0:0:0:0:0:0:1] failed: Connection refused: connect
	at org.apache.http.impl.conn.DefaultHttpClientConnectionOperator.connect(DefaultHttpClientConnectionOperator.java:156)
	at org.apache.http.impl.conn.PoolingHttpClientConnectionManager.connect(PoolingHttpClientConnectionManager.java:376)
	at org.apache.http.impl.execchain.MainClientExec.establishRoute(MainClientExec.java:393)
	at org.apache.http.impl.execchain.MainClientExec.execute(MainClientExec.java:236)
	at org.apache.http.impl.execchain.ProtocolExec.execute(ProtocolExec.java:186)
	at org.apache.http.impl.execchain.RetryExec.execute(RetryExec.java:89)
	at org.apache.http.impl.execchain.RedirectExec.execute(RedirectExec.java:110)
	at org.apache.http.impl.client.InternalHttpClient.doExecute(InternalHttpClient.java:185)
	at org.apache.http.impl.client.CloseableHttpClient.execute(CloseableHttpClient.java:83)
	at org.apache.http.impl.client.CloseableHttpClient.execute(CloseableHttpClient.java:56)
	at org.springframework.http.client.HttpComponentsClientHttpRequest.executeInternal(HttpComponentsClientHttpRequest.java:87)
	at org.springframework.http.client.AbstractBufferingClientHttpRequest.executeInternal(AbstractBufferingClientHttpRequest.java:48)
	at org.springframework.http.client.AbstractClientHttpRequest.execute(AbstractClientHttpRequest.java:66)
	at org.springframework.web.client.RestTemplate.doExecute(RestTemplate.java:776)
	... 40 more
Caused by: java.net.ConnectException: Connection refused: connect
	at java.base/java.net.PlainSocketImpl.connect0(Native Method)
	at java.base/java.net.PlainSocketImpl.socketConnect(PlainSocketImpl.java:101)
	at java.base/java.net.AbstractPlainSocketImpl.doConnect(AbstractPlainSocketImpl.java:399)
	at java.base/java.net.AbstractPlainSocketImpl.connectToAddress(AbstractPlainSocketImpl.java:242)
	at java.base/java.net.AbstractPlainSocketImpl.connect(AbstractPlainSocketImpl.java:224)
	at java.base/java.net.SocksSocketImpl.connect(SocksSocketImpl.java:403)
	at java.base/java.net.Socket.connect(Socket.java:591)
	at org.apache.http.conn.socket.PlainConnectionSocketFactory.connectSocket(PlainConnectionSocketFactory.java:75)
	at org.apache.http.impl.conn.DefaultHttpClientConnectionOperator.connect(DefaultHttpClientConnectionOperator.java:142)
	... 53 more

 WARN 2021-09-27T10:31:48,704 [SpringApplicationShutdownHook][[]] com.netflix.discovery.shared.transport.decorator.RetryableEurekaHttpClient - Request execution failed with message: I/O error on DELETE request for "http://localhost:8761/eureka/apps/API-GATEWAY/10.0.10.153:api-gateway:8765": Connect to localhost:8761 [localhost/127.0.0.1, localhost/0:0:0:0:0:0:0:1] failed: Connection refused: connect; nested exception is org.apache.http.conn.HttpHostConnectException: Connect to localhost:8761 [localhost/127.0.0.1, localhost/0:0:0:0:0:0:0:1] failed: Connection refused: connect
ERROR 2021-09-27T10:31:48,705 [SpringApplicationShutdownHook][[]] com.netflix.discovery.DiscoveryClient - DiscoveryClient_API-GATEWAY/10.0.10.153:api-gateway:8765 - de-registration failedCannot execute request on any known server
com.netflix.discovery.shared.transport.TransportException: Cannot execute request on any known server
	at com.netflix.discovery.shared.transport.decorator.RetryableEurekaHttpClient.execute(RetryableEurekaHttpClient.java:112) ~[eureka-client-1.10.16.jar:1.10.16]
	at com.netflix.discovery.shared.transport.decorator.EurekaHttpClientDecorator.cancel(EurekaHttpClientDecorator.java:71) ~[eureka-client-1.10.16.jar:1.10.16]
	at com.netflix.discovery.shared.transport.decorator.EurekaHttpClientDecorator$2.execute(EurekaHttpClientDecorator.java:74) ~[eureka-client-1.10.16.jar:1.10.16]
	at com.netflix.discovery.shared.transport.decorator.SessionedEurekaHttpClient.execute(SessionedEurekaHttpClient.java:77) ~[eureka-client-1.10.16.jar:1.10.16]
	at com.netflix.discovery.shared.transport.decorator.EurekaHttpClientDecorator.cancel(EurekaHttpClientDecorator.java:71) ~[eureka-client-1.10.16.jar:1.10.16]
	at com.netflix.discovery.DiscoveryClient.unregister(DiscoveryClient.java:972) ~[eureka-client-1.10.16.jar:1.10.16]
	at com.netflix.discovery.DiscoveryClient.shutdown(DiscoveryClient.java:948) ~[eureka-client-1.10.16.jar:1.10.16]
	at jdk.internal.reflect.NativeMethodAccessorImpl.invoke0(Native Method) ~[?:?]
	at jdk.internal.reflect.NativeMethodAccessorImpl.invoke(NativeMethodAccessorImpl.java:62) ~[?:?]
	at jdk.internal.reflect.DelegatingMethodAccessorImpl.invoke(DelegatingMethodAccessorImpl.java:43) ~[?:?]
	at java.lang.reflect.Method.invoke(Method.java:566) ~[?:?]
	at org.springframework.beans.factory.annotation.InitDestroyAnnotationBeanPostProcessor$LifecycleElement.invoke(InitDestroyAnnotationBeanPostProcessor.java:389) ~[spring-beans-5.3.10.jar:5.3.10]
	at org.springframework.beans.factory.annotation.InitDestroyAnnotationBeanPostProcessor$LifecycleMetadata.invokeDestroyMethods(InitDestroyAnnotationBeanPostProcessor.java:347) ~[spring-beans-5.3.10.jar:5.3.10]
	at org.springframework.beans.factory.annotation.InitDestroyAnnotationBeanPostProcessor.postProcessBeforeDestruction(InitDestroyAnnotationBeanPostProcessor.java:177) ~[spring-beans-5.3.10.jar:5.3.10]
	at org.springframework.beans.factory.support.DisposableBeanAdapter.destroy(DisposableBeanAdapter.java:184) ~[spring-beans-5.3.10.jar:5.3.10]
	at org.springframework.beans.factory.support.DisposableBeanAdapter.run(DisposableBeanAdapter.java:177) ~[spring-beans-5.3.10.jar:5.3.10]
	at org.springframework.cloud.context.scope.GenericScope$BeanLifecycleWrapper.destroy(GenericScope.java:390) ~[spring-cloud-context-3.0.4.jar:3.0.4]
	at org.springframework.cloud.context.scope.GenericScope.destroy(GenericScope.java:136) ~[spring-cloud-context-3.0.4.jar:3.0.4]
	at org.springframework.beans.factory.support.DisposableBeanAdapter.destroy(DisposableBeanAdapter.java:200) ~[spring-beans-5.3.10.jar:5.3.10]
	at org.springframework.beans.factory.support.DefaultSingletonBeanRegistry.destroyBean(DefaultSingletonBeanRegistry.java:587) ~[spring-beans-5.3.10.jar:5.3.10]
	at org.springframework.beans.factory.support.DefaultSingletonBeanRegistry.destroySingleton(DefaultSingletonBeanRegistry.java:559) ~[spring-beans-5.3.10.jar:5.3.10]
	at org.springframework.beans.factory.support.DefaultListableBeanFactory.destroySingleton(DefaultListableBeanFactory.java:1152) ~[spring-beans-5.3.10.jar:5.3.10]
	at org.springframework.beans.factory.support.DefaultSingletonBeanRegistry.destroySingletons(DefaultSingletonBeanRegistry.java:520) ~[spring-beans-5.3.10.jar:5.3.10]
	at org.springframework.beans.factory.support.DefaultListableBeanFactory.destroySingletons(DefaultListableBeanFactory.java:1145) ~[spring-beans-5.3.10.jar:5.3.10]
	at org.springframework.context.support.AbstractApplicationContext.destroyBeans(AbstractApplicationContext.java:1106) ~[spring-context-5.3.10.jar:5.3.10]
	at org.springframework.context.support.AbstractApplicationContext.doClose(AbstractApplicationContext.java:1075) ~[spring-context-5.3.10.jar:5.3.10]
	at org.springframework.boot.web.reactive.context.ReactiveWebServerApplicationContext.doClose(ReactiveWebServerApplicationContext.java:147) ~[spring-boot-2.5.5.jar:2.5.5]
	at org.springframework.context.support.AbstractApplicationContext.close(AbstractApplicationContext.java:1021) ~[spring-context-5.3.10.jar:5.3.10]
	at org.springframework.boot.SpringApplicationShutdownHook.closeAndWait(SpringApplicationShutdownHook.java:137) ~[spring-boot-2.5.5.jar:2.5.5]
	at java.lang.Iterable.forEach(Iterable.java:75) [?:?]
	at org.springframework.boot.SpringApplicationShutdownHook.run(SpringApplicationShutdownHook.java:106) [spring-boot-2.5.5.jar:2.5.5]
	at java.lang.Thread.run(Thread.java:834) [?:?]
 INFO 2021-09-27T10:31:48,718 [SpringApplicationShutdownHook][[]] com.netflix.discovery.DiscoveryClient - Completed shut down of DiscoveryClient
